#
# There is insufficient memory for the Java Runtime Environment to continue.
# Native memory allocation (mmap) failed to map 266338304 bytes for G1 virtual space
# Possible reasons:
#   The system is out of physical RAM or swap space
#   The process is running with CompressedOops enabled, and the Java Heap may be blocking the growth of the native heap
# Possible solutions:
#   Reduce memory load on the system
#   Increase physical memory or swap space
#   Check if swap backing store is full
#   Decrease Java heap size (-Xmx/-Xms)
#   Decrease number of Java threads
#   Decrease Java thread stack sizes (-Xss)
#   Set larger code cache with -XX:ReservedCodeCacheSize=
#   JVM is running with Zero Based Compressed Oops mode in which the Java heap is
#     placed in the first 32GB address space. The Java Heap base address is the
#     maximum limit for the native heap growth. Please use -XX:HeapBaseMinAddress
#     to set the Java Heap base and to place the Java Heap above 32GB virtual address.
# This output file may be truncated or incomplete.
#
#  Out of Memory Error (os_windows.cpp:3603), pid=21260, tid=14432
#
# JRE version:  (21.0.9+7) (build )
# Java VM: Java HotSpot(TM) 64-Bit Server VM (21.0.9+7-LTS-338, mixed mode, emulated-client, sharing, tiered, compressed oops, compressed class ptrs, g1 gc, windows-amd64)
# No core dump will be written. Minidumps are not enabled by default on client versions of Windows
#

---------------  S U M M A R Y ------------

Command Line: -Dquarkus-internal.serialized-app-model.path=D:\Progra Web\2026\Grupal Final\Back Reserva\api-reservas\target\quarkus\bootstrap\dev-app-model.dat -javaagent:C:\Users\andre\.m2\repository\io\quarkus\quarkus-class-change-agent\3.31.2\quarkus-class-change-agent-3.31.2.jar -XX:TieredStopAtLevel=1 -agentlib:jdwp=transport=dt_socket,address=localhost:51965,server=y,suspend=n -XX:+EnableDynamicAgentLoading -Djava.util.logging.manager=org.jboss.logmanager.LogManager --add-opens=java.base/java.lang.invoke=ALL-UNNAMED --add-exports=java.base/jdk.internal.module=ALL-UNNAMED D:\Progra Web\2026\Grupal Final\Back Reserva\api-reservas\target\api-reservas-dev.jar

Host: Intel(R) Core(TM) i5-10300H CPU @ 2.50GHz, 8 cores, 15G,  Windows 11 , 64 bit Build 26100 (10.0.26100.7623)
Time: Sat Feb  7 18:53:07 2026 Hora est. Pacífico, Sudamérica elapsed time: 0.032788 seconds (0d 0h 0m 0s)

---------------  T H R E A D  ---------------

Current thread (0x00000264b41dca40):  JavaThread "Unknown thread" [_thread_in_vm, id=14432, stack(0x000000d385500000,0x000000d385600000) (1024K)]

Stack: [0x000000d385500000,0x000000d385600000]
Native frames: (J=compiled Java code, j=interpreted, Vv=VM code, C=native code)
V  [jvm.dll+0x6cbf89]
V  [jvm.dll+0x858421]
V  [jvm.dll+0x85a94e]
V  [jvm.dll+0x85b023]
V  [jvm.dll+0x27ebc6]
V  [jvm.dll+0x6c8705]
V  [jvm.dll+0x6bd26a]
V  [jvm.dll+0x354a0a]
V  [jvm.dll+0x35c686]
V  [jvm.dll+0x3af79e]
V  [jvm.dll+0x3afa48]
V  [jvm.dll+0x328d1c]
V  [jvm.dll+0x32987b]
V  [jvm.dll+0x821739]
V  [jvm.dll+0x3bc481]
V  [jvm.dll+0x80a9b8]
V  [jvm.dll+0x45166e]
V  [jvm.dll+0x453261]
C  [jli.dll+0x52a3]
C  [ucrtbase.dll+0x37b0]
C  [KERNEL32.DLL+0x2e8d7]
C  [ntdll.dll+0x8c53c]


---------------  P R O C E S S  ---------------

Threads class SMR info:
_java_thread_list=0x00007ff8278efc08, length=0, elements={
}

Java Threads: ( => current thread )
Total: 0

Other Threads:
  0x00000264b4242a20 WorkerThread "GC Thread#0"                     [id=3636, stack(0x000000d385600000,0x000000d385700000) (1024K)]
  0x00000264b42536a0 ConcurrentGCThread "G1 Main Marker"            [id=13452, stack(0x000000d385700000,0x000000d385800000) (1024K)]
  0x00000264b42558e0 WorkerThread "G1 Conc#0"                       [id=20256, stack(0x000000d385800000,0x000000d385900000) (1024K)]

[error occurred during error reporting (printing all threads), id 0xc0000005, EXCEPTION_ACCESS_VIOLATION (0xc0000005) at pc=0x00007ff82705b4a7]
VM state: not at safepoint (not fully initialized)

VM Mutex/Monitor currently owned by a thread:  ([mutex/lock_event])
[0x00007ff827960ef0] Heap_lock - owner thread: 0x00000264b41dca40

Heap address: 0x0000000702800000, size: 4056 MB, Compressed Oops mode: Zero based, Oop shift amount: 3

CDS archive(s) mapped at: [0x0000000000000000-0x0000000000000000-0x0000000000000000), size 0, SharedBaseAddress: 0x0000000800000000, ArchiveRelocationMode: 1.
Narrow klass base: 0x0000000000000000, Narrow klass shift: 0, Narrow klass range: 0x0

GC Precious Log:
 CardTable entry size: 512
 Card Set container configuration: InlinePtr #cards 4 size 8 Array Of Cards #cards 16 size 48 Howl #buckets 8 coarsen threshold 3686 Howl Bitmap #cards 512 size 80 coarsen threshold 460 Card regions per heap region 1 cards per card region 4096

Heap:
 garbage-first heap   total 0K, used 0K [0x0000000702800000, 0x0000000800000000)
  region size 2048K, 0 young (0K), 0 survivors (0K)

[error occurred during error reporting (printing heap information), id 0xc0000005, EXCEPTION_ACCESS_VIOLATION (0xc0000005) at pc=0x00007ff827444ff9]
GC Heap History (0 events):
No events

Dll operation events (1 events):
Event: 0.011 Loaded shared library C:\Program Files\Java\jdk-21\bin\java.dll

Deoptimization events (0 events):
No events

Classes loaded (0 events):
No events

Classes unloaded (0 events):
No events

Classes redefined (0 events):
No events

Internal exceptions (0 events):
No events

ZGC Phase Switch (0 events):
No events

VM Operations (0 events):
No events

Events (0 events):
No events


Dynamic libraries:
0x00007ff7b5450000 - 0x00007ff7b5460000 	C:\Program Files\Java\jdk-21\bin\java.exe
0x00007ff897f80000 - 0x00007ff8981e7000 	C:\WINDOWS\SYSTEM32\ntdll.dll
0x00007ff896c70000 - 0x00007ff896d39000 	C:\WINDOWS\System32\KERNEL32.DLL
0x00007ff8950d0000 - 0x00007ff8954bf000 	C:\WINDOWS\System32\KERNELBASE.dll
0x00007ff895900000 - 0x00007ff895a4b000 	C:\WINDOWS\System32\ucrtbase.dll
0x00007ff885dd0000 - 0x00007ff885deb000 	C:\Program Files\Java\jdk-21\bin\VCRUNTIME140.dll
0x00007ff88d620000 - 0x00007ff88d639000 	C:\Program Files\Java\jdk-21\bin\jli.dll
0x00007ff895ec0000 - 0x00007ff895f74000 	C:\WINDOWS\System32\ADVAPI32.dll
0x00007ff8961b0000 - 0x00007ff896259000 	C:\WINDOWS\System32\msvcrt.dll
0x00007ff897790000 - 0x00007ff897836000 	C:\WINDOWS\System32\sechost.dll
0x00007ff897670000 - 0x00007ff897788000 	C:\WINDOWS\System32\RPCRT4.dll
0x00007ff897b90000 - 0x00007ff897d55000 	C:\WINDOWS\System32\USER32.dll
0x00007ff87d8a0000 - 0x00007ff87db33000 	C:\WINDOWS\WinSxS\amd64_microsoft.windows.common-controls_6595b64144ccf1df_6.0.26100.7309_none_3e05feeae336a044\COMCTL32.dll
0x00007ff895a50000 - 0x00007ff895a77000 	C:\WINDOWS\System32\win32u.dll
0x00007ff896440000 - 0x00007ff89646b000 	C:\WINDOWS\System32\GDI32.dll
0x00007ff895a80000 - 0x00007ff895bac000 	C:\WINDOWS\System32\gdi32full.dll
0x00007ff895bb0000 - 0x00007ff895c53000 	C:\WINDOWS\System32\msvcp_win.dll
0x00007ff88de20000 - 0x00007ff88de2b000 	C:\WINDOWS\SYSTEM32\VERSION.dll
0x00007ff896260000 - 0x00007ff896291000 	C:\WINDOWS\System32\IMM32.DLL
0x00007ff885dc0000 - 0x00007ff885dcc000 	C:\Program Files\Java\jdk-21\bin\vcruntime140_1.dll
0x00007ff877410000 - 0x00007ff87749e000 	C:\Program Files\Java\jdk-21\bin\msvcp140.dll
0x00007ff826d20000 - 0x00007ff827a3d000 	C:\Program Files\Java\jdk-21\bin\server\jvm.dll
0x00007ff897b10000 - 0x00007ff897b84000 	C:\WINDOWS\System32\WS2_32.dll
0x00007ff894f30000 - 0x00007ff894f8e000 	C:\WINDOWS\SYSTEM32\POWRPROF.dll
0x00007ff8835e0000 - 0x00007ff883615000 	C:\WINDOWS\SYSTEM32\WINMM.dll
0x00007ff894f10000 - 0x00007ff894f24000 	C:\WINDOWS\SYSTEM32\UMPDC.dll
0x00007ff893e60000 - 0x00007ff893e7b000 	C:\WINDOWS\SYSTEM32\kernel.appcore.dll
0x00007ff87d2f0000 - 0x00007ff87d2fa000 	C:\Program Files\Java\jdk-21\bin\jimage.dll
0x00007ff8927d0000 - 0x00007ff892a12000 	C:\WINDOWS\SYSTEM32\DBGHELP.DLL
0x00007ff896e50000 - 0x00007ff8971d6000 	C:\WINDOWS\System32\combase.dll
0x00007ff896d40000 - 0x00007ff896e16000 	C:\WINDOWS\System32\OLEAUT32.dll
0x00007ff87b250000 - 0x00007ff87b28c000 	C:\WINDOWS\SYSTEM32\dbgcore.DLL
0x00007ff895560000 - 0x00007ff895605000 	C:\WINDOWS\System32\bcryptPrimitives.dll
0x00007ff87c830000 - 0x00007ff87c83f000 	C:\Program Files\Java\jdk-21\bin\instrument.dll
0x00007ff87d2d0000 - 0x00007ff87d2ef000 	C:\Program Files\Java\jdk-21\bin\java.dll
0x00007ff86b1b0000 - 0x00007ff86b1ec000 	C:\Program Files\Java\jdk-21\bin\jdwp.dll

dbghelp: loaded successfully - version: 4.0.5 - missing functions: none
symbol engine: initialized successfully - sym options: 0x614 - pdb path: .;C:\Program Files\Java\jdk-21\bin;C:\WINDOWS\SYSTEM32;C:\WINDOWS\WinSxS\amd64_microsoft.windows.common-controls_6595b64144ccf1df_6.0.26100.7309_none_3e05feeae336a044;C:\Program Files\Java\jdk-21\bin\server

VM Arguments:
jvm_args: -Dquarkus-internal.serialized-app-model.path=D:\Progra Web\2026\Grupal Final\Back Reserva\api-reservas\target\quarkus\bootstrap\dev-app-model.dat -javaagent:C:\Users\andre\.m2\repository\io\quarkus\quarkus-class-change-agent\3.31.2\quarkus-class-change-agent-3.31.2.jar -XX:TieredStopAtLevel=1 -agentlib:jdwp=transport=dt_socket,address=localhost:51965,server=y,suspend=n -XX:+EnableDynamicAgentLoading -Djava.util.logging.manager=org.jboss.logmanager.LogManager --add-opens=java.base/java.lang.invoke=ALL-UNNAMED --add-exports=java.base/jdk.internal.module=ALL-UNNAMED 
java_command: D:\Progra Web\2026\Grupal Final\Back Reserva\api-reservas\target\api-reservas-dev.jar
java_class_path (initial): D:\Progra Web\2026\Grupal Final\Back Reserva\api-reservas\target\api-reservas-dev.jar
Launcher Type: SUN_STANDARD

[Global flags]
     intx CICompilerCount                          = 4                                         {product} {ergonomic}
     uint ConcGCThreads                            = 2                                         {product} {ergonomic}
     bool EnableDynamicAgentLoading                = true                                      {product} {command line}
     uint G1ConcRefinementThreads                  = 8                                         {product} {ergonomic}
   size_t G1HeapRegionSize                         = 2097152                                   {product} {ergonomic}
    uintx GCDrainStackTargetSize                   = 64                                        {product} {ergonomic}
   size_t InitialHeapSize                          = 266338304                                 {product} {ergonomic}
   size_t MarkStackSize                            = 4194304                                   {product} {ergonomic}
   size_t MaxHeapSize                              = 4253024256                                {product} {ergonomic}
   size_t MinHeapDeltaBytes                        = 2097152                                   {product} {ergonomic}
   size_t MinHeapSize                              = 8388608                                   {product} {ergonomic}
    uintx NonNMethodCodeHeapSize                   = 4096                                   {pd product} {ergonomic}
    uintx NonProfiledCodeHeapSize                  = 0                                      {pd product} {ergonomic}
     bool ProfileInterpreter                       = false                                  {pd product} {command line}
    uintx ProfiledCodeHeapSize                     = 0                                      {pd product} {ergonomic}
   size_t SoftMaxHeapSize                          = 4253024256                             {manageable} {ergonomic}
     intx TieredStopAtLevel                        = 1                                         {product} {command line}
     bool UseCompressedOops                        = true                           {product lp64_product} {ergonomic}
     bool UseG1GC                                  = true                                      {product} {ergonomic}
     bool UseLargePagesIndividualAllocation        = false                                  {pd product} {ergonomic}

Logging:
Log output configuration:
 #0: stdout all=warning uptime,level,tags foldmultilines=false
 #1: stderr all=off uptime,level,tags foldmultilines=false

Environment Variables:
JAVA_HOME=C:\Program Files\Java\jdk-21
PATH=C:\Program Files\Java\jdk-21\bin;C:\Program Files\Common Files\Oracle\Java\javapath;C:\Program Files (x86)\Common Files\Oracle\Java\java8path;C:\Program Files (x86)\Common Files\Oracle\Java\javapath;C:\Windows\system32;C:\Windows;C:\Windows\System32\Wbem;C:\Windows\System32\WindowsPowerShell\v1.0\;C:\Windows\System32\OpenSSH\;C:\Program Files (x86)\NVIDIA Corporation\PhysX\Common;C:\WINDOWS\system32;C:\WINDOWS;C:\WINDOWS\System32\Wbem;C:\WINDOWS\System32\WindowsPowerShell\v1.0\;C:\WINDOWS\System32\OpenSSH\;D:\apps\Mven\apache-maven-3.9.5-bin\apache-maven-3.9.5\bin;C:\Program Files\dotnet\;C:\FFMPEG;C:\Program Files (x86)\Microsoft SQL Server\160\Tools\Binn\;C:\Program Files\Microsoft SQL Server\160\Tools\Binn\;C:\Program Files\Microsoft SQL Server\Client SDK\ODBC\170\Tools\Binn\;C:\Program Files\Microsoft SQL Server\160\DTS\Binn\;C:\Program Files (x86)\Microsoft SQL Server\160\DTS\Binn\;C:\ProgramData\chocolatey\bin;D:\apps\Gradle\gradle-8.10.2-all\gradle-8.10.2\bin;C:\Program Files\NVIDIA Corporation\NVIDIA app\NvDLISR;C:\Users\andre\AppData\Local\Android\Sdk\platform-tools;C:\Users\andre\AppData\Local\Android\Sdk\tools;D:\apps\Flutter3.13.9\flutter_windows_3.13.9-stable\flutter\bin;C:\Program Files\PowerShell\7\;D:\apps\Git\installed\Git\cmd;C:\Program Files\nodejs\;C:\Program Files\Docker\Docker\resources\bin;C:\Program Files\Java\jdk-21\bin;C:\Users\andre\AppData\Local\Programs\Eclipse Adoptium\jdk-21.0.9.10-hotspot\bin;C:\Users\andre\AppData\Local\Programs\Python\Python310\Scripts\;C:\Users\andre\AppData\Local\Programs\Python\Python310\;D:\apps\Flutter3.13.9\flutter_windows_3.13.9-stable\flutter\bin;C:\Users\andre\AppData\Local\Programs\Python\Python311\Scripts\;C:\Users\andre\AppData\Local\Programs\Python\Python311\;C:\Users\andre\AppData\Local\Microsoft\WindowsApps;D:\apps\VStudio Code\installed\Microsoft VS Code\bin;C:\Users\andre\anaconda3\python312.zip;C:\Users\andre\anaconda3\DLLs;C:\Users\andre\AppData\Roaming\Python\Python312\site-packages;C:\Users\andre\anaconda3\Lib\site-packages;C:\Users\andre\anaconda3\Lib\site-packages\win32;C:\Users\andre\anaconda3\Lib\site-packages\win32\lib;C:\Users\andre\anaconda3\Lib\site-packages\Pythonwin;C:\Users\andre\AppData\Local\Programs\Python\Python310\Scripts;C:\Users\andre\AppData\Roaming\npm;C:\Users\andre\AppData\Local\Programs\Antigravity\bin;c:\Users\andre\.antigravity\extensions\vscjava.vscode-java-debug-0.58.5-universal\bundled\scripts\noConfigScripts
USERNAME=andre
LANG=en_US.UTF-8
OS=Windows_NT
PROCESSOR_IDENTIFIER=Intel64 Family 6 Model 165 Stepping 2, GenuineIntel
TMP=C:\Users\andre\AppData\Local\Temp
TEMP=C:\Users\andre\AppData\Local\Temp




Periodic native trim disabled

---------------  S Y S T E M  ---------------

OS:
 Windows 11 , 64 bit Build 26100 (10.0.26100.7623)
OS uptime: 0 days 1:01 hours
Hyper-V role detected

CPU: total 8 (initial active 8) (4 cores per cpu, 2 threads per core) family 6 model 165 stepping 2 microcode 0xe0, cx8, cmov, fxsr, ht, mmx, 3dnowpref, sse, sse2, sse3, ssse3, sse4.1, sse4.2, popcnt, lzcnt, tsc, tscinvbit, avx, avx2, aes, erms, clmul, bmi1, bmi2, adx, fma, vzeroupper, clflush, clflushopt, hv, rdtscp, f16c
Processor Information for all 8 processors :
  Max Mhz: 2496, Current Mhz: 2496, Mhz Limit: 2496

Memory: 4k page, system-wide physical 16220M (606M free)
TotalPageFile size 21151M (AvailPageFile size 143M)
current process WorkingSet (physical memory assigned to process): 12M, peak: 12M
current process commit charge ("private bytes"): 55M, peak: 309M

vm_info: Java HotSpot(TM) 64-Bit Server VM (21.0.9+7-LTS-338) for windows-amd64 JRE (21.0.9+7-LTS-338), built on 2025-09-26T06:33:49Z by "mach5run" with MS VC++ 17.6 (VS2022)

END.
